<html>
<head>
<title>TestNG:  Gradle test</title>
<link href="../testng.css" rel="stylesheet" type="text/css" />
<link href="../my-testng.css" rel="stylesheet" type="text/css" />

<style type="text/css">
.log { display: none;} 
.stack-trace { display: none;} 
</style>
<script type="text/javascript">
<!--
function flip(e) {
  current = e.style.display;
  if (current == 'block') {
    e.style.display = 'none';
    return 0;
  }
  else {
    e.style.display = 'block';
    return 1;
  }
}

function toggleBox(szDivId, elem, msg1, msg2)
{
  var res = -1;  if (document.getElementById) {
    res = flip(document.getElementById(szDivId));
  }
  else if (document.all) {
    // this is the way old msie versions work
    res = flip(document.all[szDivId]);
  }
  if(elem) {
    if(res == 0) elem.innerHTML = msg1; else elem.innerHTML = msg2;
  }

}

function toggleAllBoxes() {
  if (document.getElementsByTagName) {
    d = document.getElementsByTagName('div');
    for (i = 0; i < d.length; i++) {
      if (d[i].className == 'log') {
        flip(d[i]);
      }
    }
  }
}

// -->
</script>

</head>
<body>
<h2 align='center'>Gradle test</h2><table border='1' align="center">
<tr>
<td>Tests passed/Failed/Skipped:</td><td>8/1/0</td>
</tr><tr>
<td>Started on:</td><td>Tue Nov 06 18:54:30 EET 2018</td>
</tr>
<tr><td>Total time:</td><td>27 seconds (27777 ms)</td>
</tr><tr>
<td>Included groups:</td><td></td>
</tr><tr>
<td>Excluded groups:</td><td></td>
</tr>
</table><p/>
<small><i>(Hover the method name to see the test class name)</i></small><p/>
<table width='100%' border='1' class='invocation-failed'>
<tr><td colspan='4' align='center'><b>FAILED TESTS</b></td></tr>
<tr><td><b>Test method</b></td>
<td width="30%"><b>Exception</b></td>
<td width="10%"><b>Time (seconds)</b></td>
<td><b>Instance</b></td>
</tr>
<tr>
<td title='one.protocol.api.tests.APITests.testSocNets()'><b>testSocNets</b><br>Test class: one.protocol.api.tests.APITests<br>Test method: list of social networks</td>
<td><div><pre>org.apache.http.client.HttpResponseException: Not Found
	at org.apache.http.impl.client.AbstractResponseHandler.handleResponse(AbstractResponseHandler.java:70)
	at org.apache.http.client.fluent.Response.handleResponse(Response.java:90)
	at org.apache.http.client.fluent.Response.returnContent(Response.java:97)
	at one.protocol.api.tests.APITests.testSocNets(APITests.java:58)
	at com.sun.proxy.$Proxy1.stop(Unknown Source)
	at java.util.concurrent.ThreadPoolExecutor.runWorker(ThreadPoolExecutor.java:1149)
	at java.util.concurrent.ThreadPoolExecutor$Worker.run(ThreadPoolExecutor.java:624)
	at java.lang.Thread.run(Thread.java:748)
... Removed 46 stack frames</pre></div><a href='#' onClick='toggleBox("stack-trace1838859339", this, "Click to show all stack frames", "Click to hide stack frames")'>Click to show all stack frames</a>
<div class='stack-trace' id='stack-trace1838859339'><pre>org.apache.http.client.HttpResponseException: Not Found
	at org.apache.http.impl.client.AbstractResponseHandler.handleResponse(AbstractResponseHandler.java:70)
	at org.apache.http.client.fluent.Response.handleResponse(Response.java:90)
	at org.apache.http.client.fluent.Response.returnContent(Response.java:97)
	at one.protocol.api.tests.APITests.testSocNets(APITests.java:58)
	at sun.reflect.NativeMethodAccessorImpl.invoke0(Native Method)
	at sun.reflect.NativeMethodAccessorImpl.invoke(NativeMethodAccessorImpl.java:62)
	at sun.reflect.DelegatingMethodAccessorImpl.invoke(DelegatingMethodAccessorImpl.java:43)
	at java.lang.reflect.Method.invoke(Method.java:498)
	at org.testng.internal.MethodInvocationHelper.invokeMethod(MethodInvocationHelper.java:124)
	at org.testng.internal.Invoker.invokeMethod(Invoker.java:580)
	at org.testng.internal.Invoker.invokeTestMethod(Invoker.java:716)
	at org.testng.internal.Invoker.invokeTestMethods(Invoker.java:988)
	at org.testng.internal.TestMethodWorker.invokeTestMethods(TestMethodWorker.java:125)
	at org.testng.internal.TestMethodWorker.run(TestMethodWorker.java:109)
	at org.testng.TestRunner.privateRun(TestRunner.java:648)
	at org.testng.TestRunner.run(TestRunner.java:505)
	at org.testng.SuiteRunner.runTest(SuiteRunner.java:455)
	at org.testng.SuiteRunner.runSequentially(SuiteRunner.java:450)
	at org.testng.SuiteRunner.privateRun(SuiteRunner.java:415)
	at org.testng.SuiteRunner.run(SuiteRunner.java:364)
	at org.testng.SuiteRunnerWorker.runSuite(SuiteRunnerWorker.java:52)
	at org.testng.SuiteRunnerWorker.run(SuiteRunnerWorker.java:84)
	at org.testng.TestNG.runSuitesSequentially(TestNG.java:1208)
	at org.testng.TestNG.runSuitesLocally(TestNG.java:1137)
	at org.testng.TestNG.runSuites(TestNG.java:1049)
	at org.testng.TestNG.run(TestNG.java:1017)
	at org.gradle.api.internal.tasks.testing.testng.TestNGTestClassProcessor.runTests(TestNGTestClassProcessor.java:129)
	at org.gradle.api.internal.tasks.testing.testng.TestNGTestClassProcessor.stop(TestNGTestClassProcessor.java:88)
	at org.gradle.api.internal.tasks.testing.SuiteTestClassProcessor.stop(SuiteTestClassProcessor.java:61)
	at sun.reflect.NativeMethodAccessorImpl.invoke0(Native Method)
	at sun.reflect.NativeMethodAccessorImpl.invoke(NativeMethodAccessorImpl.java:62)
	at sun.reflect.DelegatingMethodAccessorImpl.invoke(DelegatingMethodAccessorImpl.java:43)
	at java.lang.reflect.Method.invoke(Method.java:498)
	at org.gradle.internal.dispatch.ReflectionDispatch.dispatch(ReflectionDispatch.java:35)
	at org.gradle.internal.dispatch.ReflectionDispatch.dispatch(ReflectionDispatch.java:24)
	at org.gradle.internal.dispatch.ContextClassLoaderDispatch.dispatch(ContextClassLoaderDispatch.java:32)
	at org.gradle.internal.dispatch.ProxyDispatchAdapter$DispatchingInvocationHandler.invoke(ProxyDispatchAdapter.java:93)
	at com.sun.proxy.$Proxy1.stop(Unknown Source)
	at org.gradle.api.internal.tasks.testing.worker.TestWorker.stop(TestWorker.java:120)
	at sun.reflect.NativeMethodAccessorImpl.invoke0(Native Method)
	at sun.reflect.NativeMethodAccessorImpl.invoke(NativeMethodAccessorImpl.java:62)
	at sun.reflect.DelegatingMethodAccessorImpl.invoke(DelegatingMethodAccessorImpl.java:43)
	at java.lang.reflect.Method.invoke(Method.java:498)
	at org.gradle.internal.dispatch.ReflectionDispatch.dispatch(ReflectionDispatch.java:35)
	at org.gradle.internal.dispatch.ReflectionDispatch.dispatch(ReflectionDispatch.java:24)
	at org.gradle.internal.remote.internal.hub.MessageHubBackedObjectConnection$DispatchWrapper.dispatch(MessageHubBackedObjectConnection.java:146)
	at org.gradle.internal.remote.internal.hub.MessageHubBackedObjectConnection$DispatchWrapper.dispatch(MessageHubBackedObjectConnection.java:128)
	at org.gradle.internal.remote.internal.hub.MessageHub$Handler.run(MessageHub.java:404)
	at org.gradle.internal.concurrent.ExecutorPolicy$CatchAndRecordFailures.onExecute(ExecutorPolicy.java:63)
	at org.gradle.internal.concurrent.StoppableExecutorImpl$1.run(StoppableExecutorImpl.java:46)
	at java.util.concurrent.ThreadPoolExecutor.runWorker(ThreadPoolExecutor.java:1149)
	at java.util.concurrent.ThreadPoolExecutor$Worker.run(ThreadPoolExecutor.java:624)
	at org.gradle.internal.concurrent.ThreadFactoryImpl$ManagedThreadRunnable.run(ThreadFactoryImpl.java:55)
	at java.lang.Thread.run(Thread.java:748)
</pre></div></td>
<td>0</td>
<td>one.protocol.api.tests.APITests@41cfa8fd</td></tr>
</table><p>
<table width='100%' border='1' class='invocation-passed'>
<tr><td colspan='4' align='center'><b>PASSED TESTS</b></td></tr>
<tr><td><b>Test method</b></td>
<td width="30%"><b>Exception</b></td>
<td width="10%"><b>Time (seconds)</b></td>
<td><b>Instance</b></td>
</tr>
<tr>
<td title='one.protocol.api.tests.APITests.testAuthUser()'><b>testAuthUser</b><br>Test class: one.protocol.api.tests.APITests<br>Test method: Authentication  tests<br>Parameters: User{testName='authUserPass'}</td>
<td></td>
<td>5</td>
<td>one.protocol.api.tests.APITests@41cfa8fd</td></tr>
<tr>
<td title='one.protocol.api.tests.APITests.testAuthUser()'><b>testAuthUser</b><br>Test class: one.protocol.api.tests.APITests<br>Test method: Authentication  tests<br>Parameters: User{testName='authUserFailWrongPassword'}</td>
<td></td>
<td>1</td>
<td>one.protocol.api.tests.APITests@41cfa8fd</td></tr>
<tr>
<td title='one.protocol.api.tests.APITests.testAuthUser()'><b>testAuthUser</b><br>Test class: one.protocol.api.tests.APITests<br>Test method: Authentication  tests<br>Parameters: User{testName='authUserFailGetCaptcha'}</td>
<td></td>
<td>6</td>
<td>one.protocol.api.tests.APITests@41cfa8fd</td></tr>
<tr>
<td title='one.protocol.api.tests.APITests.testAuthUser()'><b>testAuthUser</b><br>Test class: one.protocol.api.tests.APITests<br>Test method: Authentication  tests<br>Parameters: User{testName='authUserFailGetTempBlock'}</td>
<td></td>
<td>11</td>
<td>one.protocol.api.tests.APITests@41cfa8fd</td></tr>
<tr>
<td title='one.protocol.api.tests.APITests.testCreateUser()'><b>testCreateUser</b><br>Test class: one.protocol.api.tests.APITests<br>Test method: Registration tests<br>Parameters: User{testName='createUserPass'}</td>
<td></td>
<td>0</td>
<td>one.protocol.api.tests.APITests@41cfa8fd</td></tr>
<tr>
<td title='one.protocol.api.tests.APITests.testCreateUser()'><b>testCreateUser</b><br>Test class: one.protocol.api.tests.APITests<br>Test method: Registration tests<br>Parameters: User{testName='createUserFailExistingEmail'}</td>
<td></td>
<td>0</td>
<td>one.protocol.api.tests.APITests@41cfa8fd</td></tr>
<tr>
<td title='one.protocol.api.tests.APITests.testCreateUser()'><b>testCreateUser</b><br>Test class: one.protocol.api.tests.APITests<br>Test method: Registration tests<br>Parameters: User{testName='createUserFailShortPassword'}</td>
<td></td>
<td>0</td>
<td>one.protocol.api.tests.APITests@41cfa8fd</td></tr>
<tr>
<td title='one.protocol.api.tests.APITests.testCreateUser()'><b>testCreateUser</b><br>Test class: one.protocol.api.tests.APITests<br>Test method: Registration tests<br>Parameters: User{testName='createUserFailNoEula'}</td>
<td></td>
<td>0</td>
<td>one.protocol.api.tests.APITests@41cfa8fd</td></tr>
</table><p>
</body>
</html>